==1467== Memcheck, a memory error detector
==1467== Copyright (C) 2002-2017, and GNU GPL'd, by Julian Seward et al.
==1467== Using Valgrind-3.15.0 and LibVEX; rerun with -h for copyright info
==1467== Command: ./hsh
==1467== Parent PID: 939
==1467== 
==1467== 
==1467== HEAP SUMMARY:
==1467==     in use at exit: 78 bytes in 2 blocks
==1467==   total heap usage: 6 allocs, 4 frees, 18,510 bytes allocated
==1467== 
==1467== 12 bytes in 1 blocks are definitely lost in loss record 1 of 2
==1467==    at 0x483B7F3: malloc (in /usr/lib/x86_64-linux-gnu/valgrind/vgpreload_memcheck-amd64-linux.so)
==1467==    by 0x48F138E: strdup (strdup.c:42)
==1467==    by 0x1098E9: _path1 (whereismypathtwice.c:32)
==1467==    by 0x109759: main (main.c:126)
==1467== 
==1467== 66 bytes in 1 blocks are possibly lost in loss record 2 of 2
==1467==    at 0x483B7F3: malloc (in /usr/lib/x86_64-linux-gnu/valgrind/vgpreload_memcheck-amd64-linux.so)
==1467==    by 0x48F138E: strdup (strdup.c:42)
==1467==    by 0x10983D: _path1 (whereismypathtwice.c:22)
==1467==    by 0x109759: main (main.c:126)
==1467== 
==1467== LEAK SUMMARY:
==1467==    definitely lost: 12 bytes in 1 blocks
==1467==    indirectly lost: 0 bytes in 0 blocks
==1467==      possibly lost: 66 bytes in 1 blocks
==1467==    still reachable: 0 bytes in 0 blocks
==1467==         suppressed: 0 bytes in 0 blocks
==1467== 
==1467== For lists of detected and suppressed errors, rerun with: -s
==1467== ERROR SUMMARY: 2 errors from 2 contexts (suppressed: 0 from 0)
